[debug] [2017-11-29T12:30:28.647Z] ----------------------------------------------------------------------
[debug] [2017-11-29T12:30:28.662Z] Command:       C:\Program Files\nodejs\node.exe C:\Users\hajime522\AppData\Roaming\npm\node_modules\firebase-tools\bin\firebase serve
[debug] [2017-11-29T12:30:28.662Z] CLI Version:   3.15.3
[debug] [2017-11-29T12:30:28.662Z] Platform:      win32
[debug] [2017-11-29T12:30:28.662Z] Node Version:  v8.9.1
[debug] [2017-11-29T12:30:28.662Z] Time:          Wed Nov 29 2017 21:30:28 GMT+0900 (東京 (標準時))
[debug] [2017-11-29T12:30:28.662Z] ----------------------------------------------------------------------
[debug] 
[debug] [2017-11-29T12:30:28.694Z] > command requires scopes: ["email","openid","https://www.googleapis.com/auth/cloudplatformprojects.readonly","https://www.googleapis.com/auth/firebase","https://www.googleapis.com/auth/cloud-platform"]
[debug] [2017-11-29T12:30:28.694Z] > authorizing via signed-in user
[debug] [2017-11-29T12:30:28.694Z] > refreshing access token with scopes: ["email","https://www.googleapis.com/auth/cloud-platform","https://www.googleapis.com/auth/cloudplatformprojects.readonly","https://www.googleapis.com/auth/firebase","openid"]
[debug] [2017-11-29T12:30:28.694Z] >>> HTTP REQUEST POST https://www.googleapis.com/oauth2/v3/token { refresh_token: '1/fixFxLlUpD_wtKbFmcdNtfrJovURaoOPs2_nCpvD93o',
  client_id: '563584335869-fgrhgmd47bqnekij5i8b5pr03ho849e6.apps.googleusercontent.com',
  client_secret: 'j9iVZfS8kkCEFUPaAeJV0sAi',
  grant_type: 'refresh_token',
  scope: 'email https://www.googleapis.com/auth/cloud-platform https://www.googleapis.com/auth/cloudplatformprojects.readonly https://www.googleapis.com/auth/firebase openid' } 
 Wed Nov 29 2017 21:30:28 GMT+0900 (東京 (標準時))
[debug] [2017-11-29T12:30:28.980Z] <<< HTTP RESPONSE 200
[debug] [2017-11-29T12:30:29.011Z] >>> HTTP REQUEST GET https://admin.firebase.com/v1/projects/my-project-1511093754488  
 Wed Nov 29 2017 21:30:29 GMT+0900 (東京 (標準時))
[debug] [2017-11-29T12:30:29.904Z] <<< HTTP RESPONSE 200
[debug] [2017-11-29T12:30:29.904Z] >>> HTTP REQUEST GET https://admin.firebase.com/v1/database/my-project-1511093754488/tokens  
 Wed Nov 29 2017 21:30:29 GMT+0900 (東京 (標準時))
[debug] [2017-11-29T12:30:30.564Z] <<< HTTP RESPONSE 200
[info] 
[info] === Serving from 'C:\Users\hajime522\friendlychat-web-master\web-start'...
[info] 
[debug] [2017-11-29T12:30:30.579Z] >>> HTTP REQUEST GET https://cloudresourcemanager.googleapis.com/v1/projects/my-project-1511093754488  
 Wed Nov 29 2017 21:30:30 GMT+0900 (東京 (標準時))
[debug] [2017-11-29T12:30:31.520Z] <<< HTTP RESPONSE 200
[debug] [2017-11-29T12:30:31.520Z] >>> HTTP REQUEST GET https://mobilesdk-pa.googleapis.com/v1/projects/919891294216/clients/_:getWebAppConfig  
 Wed Nov 29 2017 21:30:31 GMT+0900 (東京 (標準時))
[debug] [2017-11-29T12:30:32.693Z] <<< HTTP RESPONSE 200
[info] i  hosting: Serving hosting files from: ./
[info] +  hosting: Local server: http://localhost:5000

